2020-06-15 16:44:25.708  INFO 11166 --- [restartedMain] C.G.GroupFormationToolApplication        : Starting GroupFormationToolApplication on Jaspers-MacBook-Pro.local with PID 11166 (/Users/jasper/Documents/NewSDCProject/group23/build/classes/java/main started by jasper in /Users/jasper/Documents/NewSDCProject/group23)
2020-06-15 16:44:25.710  INFO 11166 --- [restartedMain] C.G.GroupFormationToolApplication        : No active profile set, falling back to default profiles: default
2020-06-15 16:44:25.756  INFO 11166 --- [restartedMain] .e.DevToolsPropertyDefaultsPostProcessor : Devtools property defaults active! Set 'spring.devtools.add-properties' to 'false' to disable
2020-06-15 16:44:25.757  INFO 11166 --- [restartedMain] .e.DevToolsPropertyDefaultsPostProcessor : For additional web related logging consider setting the 'logging.level.web' property to 'DEBUG'
2020-06-15 16:44:26.771  INFO 11166 --- [restartedMain] o.s.b.w.embedded.tomcat.TomcatWebServer  : Tomcat initialized with port(s): 8080 (http)
2020-06-15 16:44:26.781  INFO 11166 --- [restartedMain] o.apache.catalina.core.StandardService   : Starting service [Tomcat]
2020-06-15 16:44:26.781  INFO 11166 --- [restartedMain] org.apache.catalina.core.StandardEngine  : Starting Servlet engine: [Apache Tomcat/9.0.30]
2020-06-15 16:44:26.847  INFO 11166 --- [restartedMain] o.a.c.c.C.[Tomcat].[localhost].[/]       : Initializing Spring embedded WebApplicationContext
2020-06-15 16:44:26.847  INFO 11166 --- [restartedMain] o.s.web.context.ContextLoader            : Root WebApplicationContext: initialization completed in 1090 ms
2020-06-15 16:44:27.052  INFO 11166 --- [restartedMain] o.s.s.web.DefaultSecurityFilterChain     : Creating filter chain: Ant [pattern='/resources/**'], []
2020-06-15 16:44:27.075  INFO 11166 --- [restartedMain] o.s.s.web.DefaultSecurityFilterChain     : Creating filter chain: any request, [org.springframework.security.web.context.request.async.WebAsyncManagerIntegrationFilter@9004b9c, org.springframework.security.web.context.SecurityContextPersistenceFilter@4cba62a4, org.springframework.security.web.header.HeaderWriterFilter@b8ba527, org.springframework.security.web.csrf.CsrfFilter@6ff4e88b, org.springframework.security.web.authentication.logout.LogoutFilter@74270196, org.springframework.security.web.authentication.UsernamePasswordAuthenticationFilter@a802e77, org.springframework.security.web.savedrequest.RequestCacheAwareFilter@517edbf7, org.springframework.security.web.servletapi.SecurityContextHolderAwareRequestFilter@26a9b001, org.springframework.security.web.authentication.AnonymousAuthenticationFilter@2f82f5d, org.springframework.security.web.session.SessionManagementFilter@4a37caf8, org.springframework.security.web.access.ExceptionTranslationFilter@1885e0e4, org.springframework.security.web.access.intercept.FilterSecurityInterceptor@db817e3]
2020-06-15 16:44:27.157  INFO 11166 --- [restartedMain] o.s.s.concurrent.ThreadPoolTaskExecutor  : Initializing ExecutorService 'applicationTaskExecutor'
2020-06-15 16:44:27.225  INFO 11166 --- [restartedMain] o.s.b.a.w.s.WelcomePageHandlerMapping    : Adding welcome page template: index
2020-06-15 16:44:27.320  INFO 11166 --- [restartedMain] o.s.b.d.a.OptionalLiveReloadServer       : LiveReload server is running on port 35729
2020-06-15 16:44:27.348  INFO 11166 --- [restartedMain] o.s.b.w.embedded.tomcat.TomcatWebServer  : Tomcat started on port(s): 8080 (http) with context path ''
2020-06-15 16:44:27.352  INFO 11166 --- [restartedMain] C.G.GroupFormationToolApplication        : Started GroupFormationToolApplication in 1.973 seconds (JVM running for 2.444)
2020-06-15 16:44:37.960  INFO 11166 --- [http-nio-8080-exec-1] o.a.c.c.C.[Tomcat].[localhost].[/]       : Initializing Spring DispatcherServlet 'dispatcherServlet'
2020-06-15 16:44:37.962  INFO 11166 --- [http-nio-8080-exec-1] o.s.web.servlet.DispatcherServlet        : Initializing Servlet 'dispatcherServlet'
2020-06-15 16:44:37.978  INFO 11166 --- [http-nio-8080-exec-1] o.s.web.servlet.DispatcherServlet        : Completed initialization in 16 ms
2020-06-15 16:46:08.491  INFO 11166 --- [SpringContextShutdownHook] o.s.s.concurrent.ThreadPoolTaskExecutor  : Shutting down ExecutorService 'applicationTaskExecutor'
2020-06-15 16:52:49.882  INFO 11310 --- [restartedMain] C.G.GroupFormationToolApplication        : Starting GroupFormationToolApplication on Jaspers-MacBook-Pro.local with PID 11310 (/Users/jasper/Documents/NewSDCProject/group23/build/classes/java/main started by jasper in /Users/jasper/Documents/NewSDCProject/group23)
2020-06-15 16:52:49.884  INFO 11310 --- [restartedMain] C.G.GroupFormationToolApplication        : No active profile set, falling back to default profiles: default
2020-06-15 16:52:49.929  INFO 11310 --- [restartedMain] .e.DevToolsPropertyDefaultsPostProcessor : Devtools property defaults active! Set 'spring.devtools.add-properties' to 'false' to disable
2020-06-15 16:52:49.929  INFO 11310 --- [restartedMain] .e.DevToolsPropertyDefaultsPostProcessor : For additional web related logging consider setting the 'logging.level.web' property to 'DEBUG'
2020-06-15 16:52:50.948  INFO 11310 --- [restartedMain] o.s.b.w.embedded.tomcat.TomcatWebServer  : Tomcat initialized with port(s): 8080 (http)
2020-06-15 16:52:50.960  INFO 11310 --- [restartedMain] o.apache.catalina.core.StandardService   : Starting service [Tomcat]
2020-06-15 16:52:50.961  INFO 11310 --- [restartedMain] org.apache.catalina.core.StandardEngine  : Starting Servlet engine: [Apache Tomcat/9.0.30]
2020-06-15 16:52:51.034  INFO 11310 --- [restartedMain] o.a.c.c.C.[Tomcat].[localhost].[/]       : Initializing Spring embedded WebApplicationContext
2020-06-15 16:52:51.035  INFO 11310 --- [restartedMain] o.s.web.context.ContextLoader            : Root WebApplicationContext: initialization completed in 1106 ms
2020-06-15 16:52:51.268  INFO 11310 --- [restartedMain] o.s.s.web.DefaultSecurityFilterChain     : Creating filter chain: Ant [pattern='/resources/**'], []
2020-06-15 16:52:51.295  INFO 11310 --- [restartedMain] o.s.s.web.DefaultSecurityFilterChain     : Creating filter chain: any request, [org.springframework.security.web.context.request.async.WebAsyncManagerIntegrationFilter@5af80c95, org.springframework.security.web.context.SecurityContextPersistenceFilter@524f3ff1, org.springframework.security.web.header.HeaderWriterFilter@db817e3, org.springframework.security.web.csrf.CsrfFilter@4e8d46b3, org.springframework.security.web.authentication.logout.LogoutFilter@55bf4812, org.springframework.security.web.authentication.UsernamePasswordAuthenticationFilter@2fcccbf8, org.springframework.security.web.savedrequest.RequestCacheAwareFilter@140f3429, org.springframework.security.web.servletapi.SecurityContextHolderAwareRequestFilter@5040bbb8, org.springframework.security.web.authentication.AnonymousAuthenticationFilter@13a28f39, org.springframework.security.web.session.SessionManagementFilter@33c5aa84, org.springframework.security.web.access.ExceptionTranslationFilter@2a0da756, org.springframework.security.web.access.intercept.FilterSecurityInterceptor@79c15763]
2020-06-15 16:52:51.372  INFO 11310 --- [restartedMain] o.s.s.concurrent.ThreadPoolTaskExecutor  : Initializing ExecutorService 'applicationTaskExecutor'
2020-06-15 16:52:51.445  INFO 11310 --- [restartedMain] o.s.b.a.w.s.WelcomePageHandlerMapping    : Adding welcome page template: index
2020-06-15 16:52:51.547  INFO 11310 --- [restartedMain] o.s.b.d.a.OptionalLiveReloadServer       : LiveReload server is running on port 35729
2020-06-15 16:52:51.580  INFO 11310 --- [restartedMain] o.s.b.w.embedded.tomcat.TomcatWebServer  : Tomcat started on port(s): 8080 (http) with context path ''
2020-06-15 16:52:51.584  INFO 11310 --- [restartedMain] C.G.GroupFormationToolApplication        : Started GroupFormationToolApplication in 2.263 seconds (JVM running for 2.707)
2020-06-15 16:52:56.712  INFO 11310 --- [http-nio-8080-exec-1] o.a.c.c.C.[Tomcat].[localhost].[/]       : Initializing Spring DispatcherServlet 'dispatcherServlet'
2020-06-15 16:52:56.713  INFO 11310 --- [http-nio-8080-exec-1] o.s.web.servlet.DispatcherServlet        : Initializing Servlet 'dispatcherServlet'
2020-06-15 16:52:56.720  INFO 11310 --- [http-nio-8080-exec-1] o.s.web.servlet.DispatcherServlet        : Completed initialization in 7 ms
2020-06-15 16:55:06.761  INFO 11310 --- [SpringContextShutdownHook] o.s.s.concurrent.ThreadPoolTaskExecutor  : Shutting down ExecutorService 'applicationTaskExecutor'
2020-06-15 16:55:18.117  INFO 11334 --- [restartedMain] C.G.GroupFormationToolApplication        : Starting GroupFormationToolApplication on Jaspers-MacBook-Pro.local with PID 11334 (/Users/jasper/Documents/NewSDCProject/group23/build/classes/java/main started by jasper in /Users/jasper/Documents/NewSDCProject/group23)
2020-06-15 16:55:18.122  INFO 11334 --- [restartedMain] C.G.GroupFormationToolApplication        : No active profile set, falling back to default profiles: default
2020-06-15 16:55:18.178  INFO 11334 --- [restartedMain] .e.DevToolsPropertyDefaultsPostProcessor : Devtools property defaults active! Set 'spring.devtools.add-properties' to 'false' to disable
2020-06-15 16:55:18.178  INFO 11334 --- [restartedMain] .e.DevToolsPropertyDefaultsPostProcessor : For additional web related logging consider setting the 'logging.level.web' property to 'DEBUG'
2020-06-15 16:55:19.323  INFO 11334 --- [restartedMain] o.s.b.w.embedded.tomcat.TomcatWebServer  : Tomcat initialized with port(s): 8080 (http)
2020-06-15 16:55:19.333  INFO 11334 --- [restartedMain] o.apache.catalina.core.StandardService   : Starting service [Tomcat]
2020-06-15 16:55:19.334  INFO 11334 --- [restartedMain] org.apache.catalina.core.StandardEngine  : Starting Servlet engine: [Apache Tomcat/9.0.30]
2020-06-15 16:55:19.398  INFO 11334 --- [restartedMain] o.a.c.c.C.[Tomcat].[localhost].[/]       : Initializing Spring embedded WebApplicationContext
2020-06-15 16:55:19.398  INFO 11334 --- [restartedMain] o.s.web.context.ContextLoader            : Root WebApplicationContext: initialization completed in 1220 ms
2020-06-15 16:55:19.608  INFO 11334 --- [restartedMain] o.s.s.web.DefaultSecurityFilterChain     : Creating filter chain: Ant [pattern='/resources/**'], []
2020-06-15 16:55:19.633  INFO 11334 --- [restartedMain] o.s.s.web.DefaultSecurityFilterChain     : Creating filter chain: any request, [org.springframework.security.web.context.request.async.WebAsyncManagerIntegrationFilter@5e64c3c6, org.springframework.security.web.context.SecurityContextPersistenceFilter@520fdc75, org.springframework.security.web.header.HeaderWriterFilter@11dd24f6, org.springframework.security.web.csrf.CsrfFilter@3ceec41f, org.springframework.security.web.authentication.logout.LogoutFilter@6d01f8fb, org.springframework.security.web.authentication.UsernamePasswordAuthenticationFilter@79c15763, org.springframework.security.web.savedrequest.RequestCacheAwareFilter@74359443, org.springframework.security.web.servletapi.SecurityContextHolderAwareRequestFilter@1c4bcaed, org.springframework.security.web.authentication.AnonymousAuthenticationFilter@2deded26, org.springframework.security.web.session.SessionManagementFilter@4687ee71, org.springframework.security.web.access.ExceptionTranslationFilter@172290b3, org.springframework.security.web.access.intercept.FilterSecurityInterceptor@3e5632e0]
2020-06-15 16:55:19.718  INFO 11334 --- [restartedMain] o.s.s.concurrent.ThreadPoolTaskExecutor  : Initializing ExecutorService 'applicationTaskExecutor'
2020-06-15 16:55:19.779  INFO 11334 --- [restartedMain] o.s.b.a.w.s.WelcomePageHandlerMapping    : Adding welcome page template: index
2020-06-15 16:55:19.918  INFO 11334 --- [restartedMain] o.s.b.d.a.OptionalLiveReloadServer       : LiveReload server is running on port 35729
2020-06-15 16:55:19.976  INFO 11334 --- [restartedMain] o.s.b.w.embedded.tomcat.TomcatWebServer  : Tomcat started on port(s): 8080 (http) with context path ''
2020-06-15 16:55:19.983  INFO 11334 --- [restartedMain] C.G.GroupFormationToolApplication        : Started GroupFormationToolApplication in 2.206 seconds (JVM running for 2.64)
2020-06-15 16:55:27.205  INFO 11334 --- [http-nio-8080-exec-1] o.a.c.c.C.[Tomcat].[localhost].[/]       : Initializing Spring DispatcherServlet 'dispatcherServlet'
2020-06-15 16:55:27.206  INFO 11334 --- [http-nio-8080-exec-1] o.s.web.servlet.DispatcherServlet        : Initializing Servlet 'dispatcherServlet'
2020-06-15 16:55:27.213  INFO 11334 --- [http-nio-8080-exec-1] o.s.web.servlet.DispatcherServlet        : Completed initialization in 7 ms
2020-06-15 17:02:12.743  INFO 11334 --- [SpringContextShutdownHook] o.s.s.concurrent.ThreadPoolTaskExecutor  : Shutting down ExecutorService 'applicationTaskExecutor'
2020-06-15 17:11:02.908  INFO 11513 --- [restartedMain] C.G.GroupFormationToolApplication        : Starting GroupFormationToolApplication on Jaspers-MacBook-Pro.local with PID 11513 (/Users/jasper/Documents/NewSDCProject/group23/build/classes/java/main started by jasper in /Users/jasper/Documents/NewSDCProject/group23)
2020-06-15 17:11:02.920  INFO 11513 --- [restartedMain] C.G.GroupFormationToolApplication        : No active profile set, falling back to default profiles: default
2020-06-15 17:11:02.975  INFO 11513 --- [restartedMain] .e.DevToolsPropertyDefaultsPostProcessor : Devtools property defaults active! Set 'spring.devtools.add-properties' to 'false' to disable
2020-06-15 17:11:02.975  INFO 11513 --- [restartedMain] .e.DevToolsPropertyDefaultsPostProcessor : For additional web related logging consider setting the 'logging.level.web' property to 'DEBUG'
2020-06-15 17:11:04.436  INFO 11513 --- [restartedMain] o.s.b.w.embedded.tomcat.TomcatWebServer  : Tomcat initialized with port(s): 8080 (http)
2020-06-15 17:11:04.448  INFO 11513 --- [restartedMain] o.apache.catalina.core.StandardService   : Starting service [Tomcat]
2020-06-15 17:11:04.449  INFO 11513 --- [restartedMain] org.apache.catalina.core.StandardEngine  : Starting Servlet engine: [Apache Tomcat/9.0.30]
2020-06-15 17:11:04.529  INFO 11513 --- [restartedMain] o.a.c.c.C.[Tomcat].[localhost].[/]       : Initializing Spring embedded WebApplicationContext
2020-06-15 17:11:04.529  INFO 11513 --- [restartedMain] o.s.web.context.ContextLoader            : Root WebApplicationContext: initialization completed in 1553 ms
2020-06-15 17:11:04.802  INFO 11513 --- [restartedMain] o.s.s.web.DefaultSecurityFilterChain     : Creating filter chain: Ant [pattern='/resources/**'], []
2020-06-15 17:11:04.830  INFO 11513 --- [restartedMain] o.s.s.web.DefaultSecurityFilterChain     : Creating filter chain: any request, [org.springframework.security.web.context.request.async.WebAsyncManagerIntegrationFilter@69adced4, org.springframework.security.web.context.SecurityContextPersistenceFilter@19789c3e, org.springframework.security.web.header.HeaderWriterFilter@171c2f39, org.springframework.security.web.csrf.CsrfFilter@5b81e566, org.springframework.security.web.authentication.logout.LogoutFilter@431c1d0e, org.springframework.security.web.authentication.UsernamePasswordAuthenticationFilter@49aaa902, org.springframework.security.web.savedrequest.RequestCacheAwareFilter@5040bbb8, org.springframework.security.web.servletapi.SecurityContextHolderAwareRequestFilter@488b230b, org.springframework.security.web.authentication.AnonymousAuthenticationFilter@7553985a, org.springframework.security.web.session.SessionManagementFilter@5f0a9cfe, org.springframework.security.web.access.ExceptionTranslationFilter@2f82f5d, org.springframework.security.web.access.intercept.FilterSecurityInterceptor@7fe5a14a]
2020-06-15 17:11:04.933  INFO 11513 --- [restartedMain] o.s.s.concurrent.ThreadPoolTaskExecutor  : Initializing ExecutorService 'applicationTaskExecutor'
2020-06-15 17:11:05.022  INFO 11513 --- [restartedMain] o.s.b.a.w.s.WelcomePageHandlerMapping    : Adding welcome page template: index
2020-06-15 17:11:05.172  INFO 11513 --- [restartedMain] o.s.b.d.a.OptionalLiveReloadServer       : LiveReload server is running on port 35729
2020-06-15 17:11:05.210  INFO 11513 --- [restartedMain] o.s.b.w.embedded.tomcat.TomcatWebServer  : Tomcat started on port(s): 8080 (http) with context path ''
2020-06-15 17:11:05.214  INFO 11513 --- [restartedMain] C.G.GroupFormationToolApplication        : Started GroupFormationToolApplication in 2.889 seconds (JVM running for 3.366)
2020-06-15 17:11:19.802  INFO 11513 --- [http-nio-8080-exec-1] o.a.c.c.C.[Tomcat].[localhost].[/]       : Initializing Spring DispatcherServlet 'dispatcherServlet'
2020-06-15 17:11:19.804  INFO 11513 --- [http-nio-8080-exec-1] o.s.web.servlet.DispatcherServlet        : Initializing Servlet 'dispatcherServlet'
2020-06-15 17:11:19.814  INFO 11513 --- [http-nio-8080-exec-1] o.s.web.servlet.DispatcherServlet        : Completed initialization in 10 ms
2020-06-15 17:17:15.451  INFO 11513 --- [SpringContextShutdownHook] o.s.s.concurrent.ThreadPoolTaskExecutor  : Shutting down ExecutorService 'applicationTaskExecutor'
2020-06-15 17:17:20.009  INFO 11574 --- [restartedMain] C.G.GroupFormationToolApplication        : Starting GroupFormationToolApplication on Jaspers-MacBook-Pro.local with PID 11574 (/Users/jasper/Documents/NewSDCProject/group23/build/classes/java/main started by jasper in /Users/jasper/Documents/NewSDCProject/group23)
2020-06-15 17:17:20.012  INFO 11574 --- [restartedMain] C.G.GroupFormationToolApplication        : No active profile set, falling back to default profiles: default
2020-06-15 17:17:20.061  INFO 11574 --- [restartedMain] .e.DevToolsPropertyDefaultsPostProcessor : Devtools property defaults active! Set 'spring.devtools.add-properties' to 'false' to disable
2020-06-15 17:17:20.062  INFO 11574 --- [restartedMain] .e.DevToolsPropertyDefaultsPostProcessor : For additional web related logging consider setting the 'logging.level.web' property to 'DEBUG'
2020-06-15 17:17:21.198  INFO 11574 --- [restartedMain] o.s.b.w.embedded.tomcat.TomcatWebServer  : Tomcat initialized with port(s): 8080 (http)
2020-06-15 17:17:21.212  INFO 11574 --- [restartedMain] o.apache.catalina.core.StandardService   : Starting service [Tomcat]
2020-06-15 17:17:21.213  INFO 11574 --- [restartedMain] org.apache.catalina.core.StandardEngine  : Starting Servlet engine: [Apache Tomcat/9.0.30]
2020-06-15 17:17:21.321  INFO 11574 --- [restartedMain] o.a.c.c.C.[Tomcat].[localhost].[/]       : Initializing Spring embedded WebApplicationContext
2020-06-15 17:17:21.321  INFO 11574 --- [restartedMain] o.s.web.context.ContextLoader            : Root WebApplicationContext: initialization completed in 1259 ms
2020-06-15 17:17:21.600  INFO 11574 --- [restartedMain] o.s.s.web.DefaultSecurityFilterChain     : Creating filter chain: Ant [pattern='/resources/**'], []
2020-06-15 17:17:21.627  INFO 11574 --- [restartedMain] o.s.s.web.DefaultSecurityFilterChain     : Creating filter chain: any request, [org.springframework.security.web.context.request.async.WebAsyncManagerIntegrationFilter@69adced4, org.springframework.security.web.context.SecurityContextPersistenceFilter@19789c3e, org.springframework.security.web.header.HeaderWriterFilter@171c2f39, org.springframework.security.web.csrf.CsrfFilter@5b81e566, org.springframework.security.web.authentication.logout.LogoutFilter@431c1d0e, org.springframework.security.web.authentication.UsernamePasswordAuthenticationFilter@49aaa902, org.springframework.security.web.savedrequest.RequestCacheAwareFilter@5040bbb8, org.springframework.security.web.servletapi.SecurityContextHolderAwareRequestFilter@488b230b, org.springframework.security.web.authentication.AnonymousAuthenticationFilter@7553985a, org.springframework.security.web.session.SessionManagementFilter@5f0a9cfe, org.springframework.security.web.access.ExceptionTranslationFilter@2f82f5d, org.springframework.security.web.access.intercept.FilterSecurityInterceptor@7fe5a14a]
2020-06-15 17:17:21.748  INFO 11574 --- [restartedMain] o.s.s.concurrent.ThreadPoolTaskExecutor  : Initializing ExecutorService 'applicationTaskExecutor'
2020-06-15 17:17:21.887  INFO 11574 --- [restartedMain] o.s.b.a.w.s.WelcomePageHandlerMapping    : Adding welcome page template: index
2020-06-15 17:17:22.022  INFO 11574 --- [restartedMain] o.s.b.d.a.OptionalLiveReloadServer       : LiveReload server is running on port 35729
2020-06-15 17:17:22.072  INFO 11574 --- [restartedMain] o.s.b.w.embedded.tomcat.TomcatWebServer  : Tomcat started on port(s): 8080 (http) with context path ''
2020-06-15 17:17:22.077  INFO 11574 --- [restartedMain] C.G.GroupFormationToolApplication        : Started GroupFormationToolApplication in 2.654 seconds (JVM running for 3.126)
2020-06-15 17:18:30.138  INFO 11574 --- [SpringContextShutdownHook] o.s.s.concurrent.ThreadPoolTaskExecutor  : Shutting down ExecutorService 'applicationTaskExecutor'
2020-06-15 17:18:33.199  INFO 11608 --- [restartedMain] C.G.GroupFormationToolApplication        : Starting GroupFormationToolApplication on Jaspers-MacBook-Pro.local with PID 11608 (/Users/jasper/Documents/NewSDCProject/group23/build/classes/java/main started by jasper in /Users/jasper/Documents/NewSDCProject/group23)
2020-06-15 17:18:33.204  INFO 11608 --- [restartedMain] C.G.GroupFormationToolApplication        : No active profile set, falling back to default profiles: default
2020-06-15 17:18:33.255  INFO 11608 --- [restartedMain] .e.DevToolsPropertyDefaultsPostProcessor : Devtools property defaults active! Set 'spring.devtools.add-properties' to 'false' to disable
2020-06-15 17:18:33.255  INFO 11608 --- [restartedMain] .e.DevToolsPropertyDefaultsPostProcessor : For additional web related logging consider setting the 'logging.level.web' property to 'DEBUG'
2020-06-15 17:18:34.765  INFO 11608 --- [restartedMain] o.s.b.w.embedded.tomcat.TomcatWebServer  : Tomcat initialized with port(s): 8080 (http)
2020-06-15 17:18:34.778  INFO 11608 --- [restartedMain] o.apache.catalina.core.StandardService   : Starting service [Tomcat]
2020-06-15 17:18:34.779  INFO 11608 --- [restartedMain] org.apache.catalina.core.StandardEngine  : Starting Servlet engine: [Apache Tomcat/9.0.30]
2020-06-15 17:18:34.872  INFO 11608 --- [restartedMain] o.a.c.c.C.[Tomcat].[localhost].[/]       : Initializing Spring embedded WebApplicationContext
2020-06-15 17:18:34.872  INFO 11608 --- [restartedMain] o.s.web.context.ContextLoader            : Root WebApplicationContext: initialization completed in 1617 ms
2020-06-15 17:18:35.144  INFO 11608 --- [restartedMain] o.s.s.web.DefaultSecurityFilterChain     : Creating filter chain: Ant [pattern='/resources/**'], []
2020-06-15 17:18:35.175  INFO 11608 --- [restartedMain] o.s.s.web.DefaultSecurityFilterChain     : Creating filter chain: any request, [org.springframework.security.web.context.request.async.WebAsyncManagerIntegrationFilter@2a2eba92, org.springframework.security.web.context.SecurityContextPersistenceFilter@172290b3, org.springframework.security.web.header.HeaderWriterFilter@79e6a124, org.springframework.security.web.csrf.CsrfFilter@247962ac, org.springframework.security.web.authentication.logout.LogoutFilter@3a404074, org.springframework.security.web.authentication.UsernamePasswordAuthenticationFilter@490df9b, org.springframework.security.web.savedrequest.RequestCacheAwareFilter@11dd24f6, org.springframework.security.web.servletapi.SecurityContextHolderAwareRequestFilter@140f3429, org.springframework.security.web.authentication.AnonymousAuthenticationFilter@2840d44b, org.springframework.security.web.session.SessionManagementFilter@1ce48b36, org.springframework.security.web.access.ExceptionTranslationFilter@3edc556c, org.springframework.security.web.access.intercept.FilterSecurityInterceptor@6345e256]
2020-06-15 17:18:35.279  INFO 11608 --- [restartedMain] o.s.s.concurrent.ThreadPoolTaskExecutor  : Initializing ExecutorService 'applicationTaskExecutor'
2020-06-15 17:18:35.354  INFO 11608 --- [restartedMain] o.s.b.a.w.s.WelcomePageHandlerMapping    : Adding welcome page template: index
2020-06-15 17:18:35.485  INFO 11608 --- [restartedMain] o.s.b.d.a.OptionalLiveReloadServer       : LiveReload server is running on port 35729
2020-06-15 17:18:35.526  INFO 11608 --- [restartedMain] o.s.b.w.embedded.tomcat.TomcatWebServer  : Tomcat started on port(s): 8080 (http) with context path ''
2020-06-15 17:18:35.532  INFO 11608 --- [restartedMain] C.G.GroupFormationToolApplication        : Started GroupFormationToolApplication in 2.714 seconds (JVM running for 3.265)
2020-06-15 17:18:44.628  INFO 11608 --- [http-nio-8080-exec-1] o.a.c.c.C.[Tomcat].[localhost].[/]       : Initializing Spring DispatcherServlet 'dispatcherServlet'
2020-06-15 17:18:44.629  INFO 11608 --- [http-nio-8080-exec-1] o.s.web.servlet.DispatcherServlet        : Initializing Servlet 'dispatcherServlet'
2020-06-15 17:18:44.637  INFO 11608 --- [http-nio-8080-exec-1] o.s.web.servlet.DispatcherServlet        : Completed initialization in 8 ms
2020-06-15 17:19:52.590  INFO 11608 --- [SpringContextShutdownHook] o.s.s.concurrent.ThreadPoolTaskExecutor  : Shutting down ExecutorService 'applicationTaskExecutor'
2020-06-15 17:22:54.741  INFO 11632 --- [restartedMain] C.G.GroupFormationToolApplication        : Starting GroupFormationToolApplication on Jaspers-MacBook-Pro.local with PID 11632 (/Users/jasper/Documents/NewSDCProject/group23/build/classes/java/main started by jasper in /Users/jasper/Documents/NewSDCProject/group23)
2020-06-15 17:22:54.744  INFO 11632 --- [restartedMain] C.G.GroupFormationToolApplication        : No active profile set, falling back to default profiles: default
2020-06-15 17:22:54.801  INFO 11632 --- [restartedMain] .e.DevToolsPropertyDefaultsPostProcessor : Devtools property defaults active! Set 'spring.devtools.add-properties' to 'false' to disable
2020-06-15 17:22:54.801  INFO 11632 --- [restartedMain] .e.DevToolsPropertyDefaultsPostProcessor : For additional web related logging consider setting the 'logging.level.web' property to 'DEBUG'
2020-06-15 17:22:56.136  INFO 11632 --- [restartedMain] o.s.b.w.embedded.tomcat.TomcatWebServer  : Tomcat initialized with port(s): 8080 (http)
2020-06-15 17:22:56.148  INFO 11632 --- [restartedMain] o.apache.catalina.core.StandardService   : Starting service [Tomcat]
2020-06-15 17:22:56.149  INFO 11632 --- [restartedMain] org.apache.catalina.core.StandardEngine  : Starting Servlet engine: [Apache Tomcat/9.0.30]
2020-06-15 17:22:56.222  INFO 11632 --- [restartedMain] o.a.c.c.C.[Tomcat].[localhost].[/]       : Initializing Spring embedded WebApplicationContext
2020-06-15 17:22:56.223  INFO 11632 --- [restartedMain] o.s.web.context.ContextLoader            : Root WebApplicationContext: initialization completed in 1422 ms
2020-06-15 17:22:56.480  INFO 11632 --- [restartedMain] o.s.s.web.DefaultSecurityFilterChain     : Creating filter chain: Ant [pattern='/resources/**'], []
2020-06-15 17:22:56.506  INFO 11632 --- [restartedMain] o.s.s.web.DefaultSecurityFilterChain     : Creating filter chain: any request, [org.springframework.security.web.context.request.async.WebAsyncManagerIntegrationFilter@df854c9, org.springframework.security.web.context.SecurityContextPersistenceFilter@3b333fa1, org.springframework.security.web.header.HeaderWriterFilter@1371cd64, org.springframework.security.web.csrf.CsrfFilter@19789c3e, org.springframework.security.web.authentication.logout.LogoutFilter@516faf25, org.springframework.security.web.authentication.UsernamePasswordAuthenticationFilter@73416ffb, org.springframework.security.web.savedrequest.RequestCacheAwareFilter@43cffa25, org.springframework.security.web.servletapi.SecurityContextHolderAwareRequestFilter@4f505d28, org.springframework.security.web.authentication.AnonymousAuthenticationFilter@75becc3a, org.springframework.security.web.session.SessionManagementFilter@154f3bd0, org.springframework.security.web.access.ExceptionTranslationFilter@683c7d38, org.springframework.security.web.access.intercept.FilterSecurityInterceptor@397936fa]
2020-06-15 17:22:56.599  INFO 11632 --- [restartedMain] o.s.s.concurrent.ThreadPoolTaskExecutor  : Initializing ExecutorService 'applicationTaskExecutor'
2020-06-15 17:22:56.688  INFO 11632 --- [restartedMain] o.s.b.a.w.s.WelcomePageHandlerMapping    : Adding welcome page template: index
2020-06-15 17:22:56.819  INFO 11632 --- [restartedMain] o.s.b.d.a.OptionalLiveReloadServer       : LiveReload server is running on port 35729
2020-06-15 17:22:56.853  INFO 11632 --- [restartedMain] o.s.b.w.embedded.tomcat.TomcatWebServer  : Tomcat started on port(s): 8080 (http) with context path ''
2020-06-15 17:22:56.857  INFO 11632 --- [restartedMain] C.G.GroupFormationToolApplication        : Started GroupFormationToolApplication in 2.768 seconds (JVM running for 3.4)
2020-06-15 17:24:09.283  INFO 11632 --- [SpringContextShutdownHook] o.s.s.concurrent.ThreadPoolTaskExecutor  : Shutting down ExecutorService 'applicationTaskExecutor'
2020-06-15 17:24:14.433  INFO 11650 --- [restartedMain] C.G.GroupFormationToolApplication        : Starting GroupFormationToolApplication on Jaspers-MacBook-Pro.local with PID 11650 (/Users/jasper/Documents/NewSDCProject/group23/build/classes/java/main started by jasper in /Users/jasper/Documents/NewSDCProject/group23)
2020-06-15 17:24:14.437  INFO 11650 --- [restartedMain] C.G.GroupFormationToolApplication        : No active profile set, falling back to default profiles: default
2020-06-15 17:24:14.503  INFO 11650 --- [restartedMain] .e.DevToolsPropertyDefaultsPostProcessor : Devtools property defaults active! Set 'spring.devtools.add-properties' to 'false' to disable
2020-06-15 17:24:14.503  INFO 11650 --- [restartedMain] .e.DevToolsPropertyDefaultsPostProcessor : For additional web related logging consider setting the 'logging.level.web' property to 'DEBUG'
2020-06-15 17:24:15.742  INFO 11650 --- [restartedMain] o.s.b.w.embedded.tomcat.TomcatWebServer  : Tomcat initialized with port(s): 8080 (http)
2020-06-15 17:24:15.762  INFO 11650 --- [restartedMain] o.apache.catalina.core.StandardService   : Starting service [Tomcat]
2020-06-15 17:24:15.763  INFO 11650 --- [restartedMain] org.apache.catalina.core.StandardEngine  : Starting Servlet engine: [Apache Tomcat/9.0.30]
2020-06-15 17:24:15.848  INFO 11650 --- [restartedMain] o.a.c.c.C.[Tomcat].[localhost].[/]       : Initializing Spring embedded WebApplicationContext
2020-06-15 17:24:15.848  INFO 11650 --- [restartedMain] o.s.web.context.ContextLoader            : Root WebApplicationContext: initialization completed in 1345 ms
2020-06-15 17:24:16.162  INFO 11650 --- [restartedMain] o.s.s.web.DefaultSecurityFilterChain     : Creating filter chain: Ant [pattern='/resources/**'], []
2020-06-15 17:24:16.201  INFO 11650 --- [restartedMain] o.s.s.web.DefaultSecurityFilterChain     : Creating filter chain: any request, [org.springframework.security.web.context.request.async.WebAsyncManagerIntegrationFilter@266498e3, org.springframework.security.web.context.SecurityContextPersistenceFilter@4687ee71, org.springframework.security.web.header.HeaderWriterFilter@172290b3, org.springframework.security.web.csrf.CsrfFilter@648368fa, org.springframework.security.web.authentication.logout.LogoutFilter@7f3d2e7a, org.springframework.security.web.authentication.UsernamePasswordAuthenticationFilter@2840d44b, org.springframework.security.web.savedrequest.RequestCacheAwareFilter@520fdc75, org.springframework.security.web.servletapi.SecurityContextHolderAwareRequestFilter@6f3bfd57, org.springframework.security.web.authentication.AnonymousAuthenticationFilter@8a8e2e8, org.springframework.security.web.session.SessionManagementFilter@11dd24f6, org.springframework.security.web.access.ExceptionTranslationFilter@1ce48b36, org.springframework.security.web.access.intercept.FilterSecurityInterceptor@135a0c2f]
2020-06-15 17:24:16.302  INFO 11650 --- [restartedMain] o.s.s.concurrent.ThreadPoolTaskExecutor  : Initializing ExecutorService 'applicationTaskExecutor'
2020-06-15 17:24:16.374  INFO 11650 --- [restartedMain] o.s.b.a.w.s.WelcomePageHandlerMapping    : Adding welcome page template: index
2020-06-15 17:24:16.501  INFO 11650 --- [restartedMain] o.s.b.d.a.OptionalLiveReloadServer       : LiveReload server is running on port 35729
2020-06-15 17:24:16.531  INFO 11650 --- [restartedMain] o.s.b.w.embedded.tomcat.TomcatWebServer  : Tomcat started on port(s): 8080 (http) with context path ''
2020-06-15 17:24:16.535  INFO 11650 --- [restartedMain] C.G.GroupFormationToolApplication        : Started GroupFormationToolApplication in 2.515 seconds (JVM running for 3.073)
2020-06-15 17:24:23.975  INFO 11650 --- [http-nio-8080-exec-1] o.a.c.c.C.[Tomcat].[localhost].[/]       : Initializing Spring DispatcherServlet 'dispatcherServlet'
2020-06-15 17:24:23.976  INFO 11650 --- [http-nio-8080-exec-1] o.s.web.servlet.DispatcherServlet        : Initializing Servlet 'dispatcherServlet'
2020-06-15 17:24:23.987  INFO 11650 --- [http-nio-8080-exec-1] o.s.web.servlet.DispatcherServlet        : Completed initialization in 10 ms
2020-06-15 17:27:41.652  INFO 11650 --- [SpringContextShutdownHook] o.s.s.concurrent.ThreadPoolTaskExecutor  : Shutting down ExecutorService 'applicationTaskExecutor'
